Using pre-set license
Built from '2020.3/staging' branch; Version is '2020.3.0f1 (c7b5465681fb) revision 13088070'; Using compiler version '192528614'; Build Type 'Release'
OS: 'Windows 10 Pro; OS build 19041.867; Version 2004; 64bit' Language: 'es' Physical Memory: 16339 MB
BatchMode: 1, IsHumanControllingUs: 0, StartBugReporterOnCrash: 0, Is64bit: 1, IsPro: 0

 COMMAND LINE ARGUMENTS:
C:\Program Files\Unity\Hub\Editor\2020.3.0f1\Editor\Unity.exe
-adb2
-batchMode
-noUpm
-name
AssetImportWorker0
-projectPath
C:/Users/leina/Desktop/Games/SpringCleaningJam2021/SpringCleaningGameJam2021Robo-bot/SpringCleaningGameJam2021Robo-bot
-logFile
Logs/AssetImportWorker0.log
-srvPort
49289
Successfully changed project path to: C:/Users/leina/Desktop/Games/SpringCleaningJam2021/SpringCleaningGameJam2021Robo-bot/SpringCleaningGameJam2021Robo-bot
C:/Users/leina/Desktop/Games/SpringCleaningJam2021/SpringCleaningGameJam2021Robo-bot/SpringCleaningGameJam2021Robo-bot
Using Asset Import Pipeline V2.
Refreshing native plugins compatible for Editor in 94.70 ms, found 1 plugins.
Preloading 0 native plugins for Editor in 0.00 ms.
Initialize engine version: 2020.3.0f1 (c7b5465681fb)
[Subsystems] Discovering subsystems at path C:/Program Files/Unity/Hub/Editor/2020.3.0f1/Editor/Data/Resources/UnitySubsystems
[Subsystems] Discovering subsystems at path C:/Users/leina/Desktop/Games/SpringCleaningJam2021/SpringCleaningGameJam2021Robo-bot/SpringCleaningGameJam2021Robo-bot/Assets
GfxDevice: creating device client; threaded=0
Direct3D:
    Version:  Direct3D 11.0 [level 11.1]
    Renderer: NVIDIA GeForce GTX 1060 3GB (ID=0x1c02)
    Vendor:   
    VRAM:     2988 MB
    Driver:   27.21.14.5671
Initialize mono
Mono path[0] = 'C:/Program Files/Unity/Hub/Editor/2020.3.0f1/Editor/Data/Managed'
Mono path[1] = 'C:/Program Files/Unity/Hub/Editor/2020.3.0f1/Editor/Data/MonoBleedingEdge/lib/mono/unityjit'
Mono config path = 'C:/Program Files/Unity/Hub/Editor/2020.3.0f1/Editor/Data/MonoBleedingEdge/etc'
Using monoOptions --debugger-agent=transport=dt_socket,embedding=1,server=y,suspend=n,address=127.0.0.1:56388
Begin MonoManager ReloadAssembly
Registering precompiled unity dll's ...
Register platform support module: C:/Program Files/Unity/Hub/Editor/2020.3.0f1/Editor/Data/PlaybackEngines/WebGLSupport/UnityEditor.WebGL.Extensions.dll
Register platform support module: C:/Program Files/Unity/Hub/Editor/2020.3.0f1/Editor/Data/PlaybackEngines/WindowsStandaloneSupport/UnityEditor.WindowsStandalone.Extensions.dll
Registered in 0.002904 seconds.
Native extension for WindowsStandalone target not found
Native extension for WebGL target not found
Refreshing native plugins compatible for Editor in 44.32 ms, found 1 plugins.
Preloading 0 native plugins for Editor in 0.00 ms.
Invoked RoslynAnalysisRunner static constructor.
RoslynAnalysisRunner will not be running.
RoslynAnalysisRunner has terminated.
Mono: successfully reloaded assembly
- Completed reload, in  2.206 seconds
Platform modules already initialized, skipping
Registering precompiled user dll's ...
Registered in 0.001139 seconds.
Begin MonoManager ReloadAssembly
Native extension for WindowsStandalone target not found
Native extension for WebGL target not found
Refreshing native plugins compatible for Editor in 47.25 ms, found 1 plugins.
Preloading 0 native plugins for Editor in 0.00 ms.
Invoked RoslynAnalysisRunner static constructor.
RoslynAnalysisRunner will not be running.
RoslynAnalysisRunner has terminated.
Mono: successfully reloaded assembly
- Completed reload, in  1.161 seconds
Platform modules already initialized, skipping
========================================================================
Worker process is ready to serve import requests
Launched and connected shader compiler UnityShaderCompiler.exe after 0.06 seconds
Refreshing native plugins compatible for Editor in 0.34 ms, found 1 plugins.
Preloading 0 native plugins for Editor in 0.00 ms.
Unloading 1806 Unused Serialized files (Serialized files now loaded: 0)
System memory in use before: 85.3 MB.
System memory in use after: 85.3 MB.

Unloading 24 unused Assets to reduce memory usage. Loaded Objects now: 2248.
Total: 2.194800 ms (FindLiveObjects: 0.217400 ms CreateObjectMapping: 0.085200 ms MarkObjects: 1.732600 ms  DeleteObjects: 0.158400 ms)

========================================================================
Received Import Request.
  path: Assets
  artifactKey: Guid(00000000000000001000000000000000) Importer(815301076,1909f56bfc062723c751e8b465ee728b)
Start importing Assets using Guid(00000000000000001000000000000000) Importer(815301076,1909f56bfc062723c751e8b465ee728b)  -> (artifact id: '42baae205c97e3337697759514652acd') in 0.010408 seconds
  Import took 0.014388 seconds .

========================================================================
Received Import Request.
  Time since last request: 0.494108 seconds.
  path: Assets/Sprites
  artifactKey: Guid(05e95b2153c67f7489064f069f74b616) Importer(815301076,1909f56bfc062723c751e8b465ee728b)
Start importing Assets/Sprites using Guid(05e95b2153c67f7489064f069f74b616) Importer(815301076,1909f56bfc062723c751e8b465ee728b)  -> (artifact id: '39778c9ae988ac1311b92bde23db5a4e') in 0.015426 seconds
  Import took 0.021386 seconds .

========================================================================
Received Import Request.
  Time since last request: 7.247324 seconds.
  path: Assets/Scripts
  artifactKey: Guid(511cbd843b1b42f44b24c10321d4e148) Importer(815301076,1909f56bfc062723c751e8b465ee728b)
Start importing Assets/Scripts using Guid(511cbd843b1b42f44b24c10321d4e148) Importer(815301076,1909f56bfc062723c751e8b465ee728b)  -> (artifact id: 'c80ade71a4da3b66e013a8179b2cba60') in 0.014323 seconds
  Import took 0.017985 seconds .

========================================================================
Received Import Request.
  Time since last request: 9.654699 seconds.
  path: Assets/Prefabs
  artifactKey: Guid(1d3489b5c7cfc344387fa0bb09858b76) Importer(815301076,1909f56bfc062723c751e8b465ee728b)
Start importing Assets/Prefabs using Guid(1d3489b5c7cfc344387fa0bb09858b76) Importer(815301076,1909f56bfc062723c751e8b465ee728b)  -> (artifact id: '9cb94a95f7044bd688e4e37952ff0dae') in 0.014837 seconds
  Import took 0.020170 seconds .

========================================================================
Received Import Request.
  Time since last request: 9.244936 seconds.
  path: Assets/Materials
  artifactKey: Guid(7356f2cf6319b1c4d857642d2bd125e9) Importer(815301076,1909f56bfc062723c751e8b465ee728b)
Start importing Assets/Materials using Guid(7356f2cf6319b1c4d857642d2bd125e9) Importer(815301076,1909f56bfc062723c751e8b465ee728b)  -> (artifact id: 'd68d253d8aad9826ed4d0b4046f6c8bd') in 0.017771 seconds
  Import took 0.021672 seconds .

AssetImportWorkerClient::OnTransportError - code=2 error=End of file
